{"C:\\AI\\Assignment 2\\Aura\\src\\services\\EditorService.js": {"path":"C:\\AI\\Assignment 2\\Aura\\src\\services\\EditorService.js","statementMap":{"0":{"start":{"line":4,"column":27},"end":{"line":13,"column":1}},"1":{"start":{"line":5,"column":2},"end":{"line":12,"column":3}},"2":{"start":{"line":6,"column":17},"end":{"line":6,"column":35}},"3":{"start":{"line":7,"column":4},"end":{"line":7,"column":37}},"4":{"start":{"line":8,"column":4},"end":{"line":8,"column":34}},"5":{"start":{"line":9,"column":4},"end":{"line":9,"column":16}},"6":{"start":{"line":11,"column":4},"end":{"line":11,"column":17}},"7":{"start":{"line":18,"column":4},"end":{"line":18,"column":49}},"8":{"start":{"line":19,"column":4},"end":{"line":21,"column":5}},"9":{"start":{"line":20,"column":6},"end":{"line":20,"column":55}},"10":{"start":{"line":26,"column":4},"end":{"line":26,"column":45}},"11":{"start":{"line":26,"column":32},"end":{"line":26,"column":45}},"12":{"start":{"line":28,"column":4},"end":{"line":35,"column":5}},"13":{"start":{"line":29,"column":30},"end":{"line":29,"column":51}},"14":{"start":{"line":30,"column":6},"end":{"line":30,"column":71}},"15":{"start":{"line":31,"column":6},"end":{"line":31,"column":18}},"16":{"start":{"line":33,"column":6},"end":{"line":33,"column":57}},"17":{"start":{"line":34,"column":6},"end":{"line":34,"column":19}},"18":{"start":{"line":40,"column":4},"end":{"line":40,"column":44}},"19":{"start":{"line":40,"column":32},"end":{"line":40,"column":44}},"20":{"start":{"line":42,"column":4},"end":{"line":49,"column":5}},"21":{"start":{"line":43,"column":30},"end":{"line":43,"column":77}},"22":{"start":{"line":44,"column":6},"end":{"line":44,"column":48}},"23":{"start":{"line":44,"column":36},"end":{"line":44,"column":48}},"24":{"start":{"line":45,"column":6},"end":{"line":45,"column":41}},"25":{"start":{"line":47,"column":6},"end":{"line":47,"column":58}},"26":{"start":{"line":48,"column":6},"end":{"line":48,"column":18}},"27":{"start":{"line":54,"column":4},"end":{"line":54,"column":45}},"28":{"start":{"line":54,"column":32},"end":{"line":54,"column":45}},"29":{"start":{"line":56,"column":4},"end":{"line":62,"column":5}},"30":{"start":{"line":57,"column":6},"end":{"line":57,"column":57}},"31":{"start":{"line":58,"column":6},"end":{"line":58,"column":18}},"32":{"start":{"line":60,"column":6},"end":{"line":60,"column":59}},"33":{"start":{"line":61,"column":6},"end":{"line":61,"column":19}},"34":{"start":{"line":67,"column":4},"end":{"line":67,"column":77}},"35":{"start":{"line":72,"column":15},"end":{"line":72,"column":60}},"36":{"start":{"line":73,"column":4},"end":{"line":73,"column":41}},"37":{"start":{"line":74,"column":4},"end":{"line":74,"column":126}},"38":{"start":{"line":75,"column":4},"end":{"line":75,"column":52}},"39":{"start":{"line":76,"column":4},"end":{"line":76,"column":26}},"40":{"start":{"line":77,"column":4},"end":{"line":77,"column":50}},"41":{"start":{"line":78,"column":4},"end":{"line":78,"column":65}},"42":{"start":{"line":79,"column":4},"end":{"line":79,"column":192}},"43":{"start":{"line":80,"column":4},"end":{"line":80,"column":142}},"44":{"start":{"line":81,"column":4},"end":{"line":81,"column":93}},"45":{"start":{"line":82,"column":4},"end":{"line":82,"column":71}},"46":{"start":{"line":83,"column":4},"end":{"line":83,"column":48}},"47":{"start":{"line":84,"column":4},"end":{"line":84,"column":90}},"48":{"start":{"line":85,"column":4},"end":{"line":85,"column":22}},"49":{"start":{"line":86,"column":4},"end":{"line":86,"column":48}},"50":{"start":{"line":87,"column":4},"end":{"line":87,"column":61}},"51":{"start":{"line":88,"column":4},"end":{"line":88,"column":100}},"52":{"start":{"line":89,"column":4},"end":{"line":89,"column":60}},"53":{"start":{"line":90,"column":4},"end":{"line":90,"column":22}},"54":{"start":{"line":91,"column":4},"end":{"line":91,"column":27}},"55":{"start":{"line":92,"column":4},"end":{"line":92,"column":32}},"56":{"start":{"line":93,"column":4},"end":{"line":93,"column":47}},"57":{"start":{"line":96,"column":4},"end":{"line":98,"column":7}},"58":{"start":{"line":97,"column":6},"end":{"line":97,"column":52}},"59":{"start":{"line":100,"column":4},"end":{"line":100,"column":25}},"60":{"start":{"line":101,"column":4},"end":{"line":101,"column":31}},"61":{"start":{"line":103,"column":4},"end":{"line":103,"column":16}},"62":{"start":{"line":108,"column":50},"end":{"line":108,"column":59}},"63":{"start":{"line":109,"column":26},"end":{"line":109,"column":72}},"64":{"start":{"line":110,"column":16},"end":{"line":110,"column":97}},"65":{"start":{"line":111,"column":15},"end":{"line":111,"column":17}},"66":{"start":{"line":113,"column":4},"end":{"line":136,"column":5}},"67":{"start":{"line":115,"column":8},"end":{"line":115,"column":123}},"68":{"start":{"line":116,"column":8},"end":{"line":116,"column":107}},"69":{"start":{"line":117,"column":8},"end":{"line":117,"column":14}},"70":{"start":{"line":120,"column":8},"end":{"line":120,"column":121}},"71":{"start":{"line":121,"column":8},"end":{"line":121,"column":107}},"72":{"start":{"line":122,"column":8},"end":{"line":122,"column":14}},"73":{"start":{"line":125,"column":8},"end":{"line":125,"column":126}},"74":{"start":{"line":126,"column":8},"end":{"line":126,"column":176}},"75":{"start":{"line":127,"column":8},"end":{"line":127,"column":14}},"76":{"start":{"line":130,"column":8},"end":{"line":130,"column":360}},"77":{"start":{"line":131,"column":8},"end":{"line":131,"column":326}},"78":{"start":{"line":132,"column":8},"end":{"line":132,"column":14}},"79":{"start":{"line":135,"column":8},"end":{"line":135,"column":108}},"80":{"start":{"line":138,"column":4},"end":{"line":138,"column":16}},"81":{"start":{"line":143,"column":22},"end":{"line":143,"column":41}}},"fnMap":{"0":{"name":"(anonymous_0)","decl":{"start":{"line":4,"column":27},"end":{"line":4,"column":28}},"loc":{"start":{"line":4,"column":33},"end":{"line":13,"column":1}},"line":4},"1":{"name":"(anonymous_1)","decl":{"start":{"line":17,"column":2},"end":{"line":17,"column":3}},"loc":{"start":{"line":17,"column":16},"end":{"line":22,"column":3}},"line":17},"2":{"name":"(anonymous_2)","decl":{"start":{"line":25,"column":2},"end":{"line":25,"column":3}},"loc":{"start":{"line":25,"column":25},"end":{"line":36,"column":3}},"line":25},"3":{"name":"(anonymous_3)","decl":{"start":{"line":39,"column":2},"end":{"line":39,"column":3}},"loc":{"start":{"line":39,"column":20},"end":{"line":50,"column":3}},"line":39},"4":{"name":"(anonymous_4)","decl":{"start":{"line":53,"column":2},"end":{"line":53,"column":3}},"loc":{"start":{"line":53,"column":21},"end":{"line":63,"column":3}},"line":53},"5":{"name":"(anonymous_5)","decl":{"start":{"line":66,"column":2},"end":{"line":66,"column":3}},"loc":{"start":{"line":66,"column":21},"end":{"line":68,"column":3}},"line":66},"6":{"name":"(anonymous_6)","decl":{"start":{"line":71,"column":2},"end":{"line":71,"column":3}},"loc":{"start":{"line":71,"column":27},"end":{"line":104,"column":3}},"line":71},"7":{"name":"(anonymous_7)","decl":{"start":{"line":96,"column":23},"end":{"line":96,"column":24}},"loc":{"start":{"line":96,"column":36},"end":{"line":98,"column":5}},"line":96},"8":{"name":"(anonymous_8)","decl":{"start":{"line":107,"column":2},"end":{"line":107,"column":3}},"loc":{"start":{"line":107,"column":35},"end":{"line":139,"column":3}},"line":107}},"branchMap":{"0":{"loc":{"start":{"line":19,"column":4},"end":{"line":21,"column":5}},"type":"if","locations":[{"start":{"line":19,"column":4},"end":{"line":21,"column":5}},{"start":{},"end":{}}],"line":19},"1":{"loc":{"start":{"line":26,"column":4},"end":{"line":26,"column":45}},"type":"if","locations":[{"start":{"line":26,"column":4},"end":{"line":26,"column":45}},{"start":{},"end":{}}],"line":26},"2":{"loc":{"start":{"line":40,"column":4},"end":{"line":40,"column":44}},"type":"if","locations":[{"start":{"line":40,"column":4},"end":{"line":40,"column":44}},{"start":{},"end":{}}],"line":40},"3":{"loc":{"start":{"line":44,"column":6},"end":{"line":44,"column":48}},"type":"if","locations":[{"start":{"line":44,"column":6},"end":{"line":44,"column":48}},{"start":{},"end":{}}],"line":44},"4":{"loc":{"start":{"line":54,"column":4},"end":{"line":54,"column":45}},"type":"if","locations":[{"start":{"line":54,"column":4},"end":{"line":54,"column":45}},{"start":{},"end":{}}],"line":54},"5":{"loc":{"start":{"line":113,"column":4},"end":{"line":136,"column":5}},"type":"switch","locations":[{"start":{"line":114,"column":6},"end":{"line":117,"column":14}},{"start":{"line":119,"column":6},"end":{"line":122,"column":14}},{"start":{"line":124,"column":6},"end":{"line":127,"column":14}},{"start":{"line":129,"column":6},"end":{"line":132,"column":14}},{"start":{"line":134,"column":6},"end":{"line":135,"column":108}}],"line":113}},"s":{"0":1,"1":1,"2":1,"3":1,"4":1,"5":1,"6":0,"7":1,"8":1,"9":0,"10":3,"11":2,"12":1,"13":1,"14":1,"15":1,"16":0,"17":0,"18":4,"19":4,"20":0,"21":0,"22":0,"23":0,"24":0,"25":0,"26":0,"27":0,"28":0,"29":0,"30":0,"31":0,"32":0,"33":0,"34":0,"35":0,"36":0,"37":0,"38":0,"39":0,"40":0,"41":0,"42":0,"43":0,"44":0,"45":0,"46":0,"47":0,"48":0,"49":0,"50":0,"51":0,"52":0,"53":0,"54":0,"55":0,"56":0,"57":0,"58":0,"59":0,"60":0,"61":0,"62":0,"63":0,"64":0,"65":0,"66":0,"67":0,"68":0,"69":0,"70":0,"71":0,"72":0,"73":0,"74":0,"75":0,"76":0,"77":0,"78":0,"79":0,"80":0,"81":1},"f":{"0":1,"1":1,"2":3,"3":4,"4":0,"5":0,"6":0,"7":0,"8":0},"b":{"0":[0,1],"1":[2,1],"2":[4,0],"3":[0,0],"4":[0,0],"5":[0,0,0,0,0]},"_coverageSchema":"1a1c01bbd47fc00a2c39e90264f33305004495a9","hash":"90154d8f5334533fa4a66c4908cf8f85889d0bed"}
}
