TN:
SF:src\services\EditorService.js
FN:4,(anonymous_0)
FN:17,(anonymous_1)
FN:25,(anonymous_2)
FN:39,(anonymous_3)
FN:53,(anonymous_4)
FN:66,(anonymous_5)
FN:71,(anonymous_6)
FN:96,(anonymous_7)
FN:107,(anonymous_8)
FNF:9
FNH:4
FNDA:1,(anonymous_0)
FNDA:1,(anonymous_1)
FNDA:3,(anonymous_2)
FNDA:4,(anonymous_3)
FNDA:0,(anonymous_4)
FNDA:0,(anonymous_5)
FNDA:0,(anonymous_6)
FNDA:0,(anonymous_7)
FNDA:0,(anonymous_8)
DA:4,1
DA:5,1
DA:6,1
DA:7,1
DA:8,1
DA:9,1
DA:11,0
DA:18,1
DA:19,1
DA:20,0
DA:26,3
DA:28,1
DA:29,1
DA:30,1
DA:31,1
DA:33,0
DA:34,0
DA:40,4
DA:42,0
DA:43,0
DA:44,0
DA:45,0
DA:47,0
DA:48,0
DA:54,0
DA:56,0
DA:57,0
DA:58,0
DA:60,0
DA:61,0
DA:67,0
DA:72,0
DA:73,0
DA:74,0
DA:75,0
DA:76,0
DA:77,0
DA:78,0
DA:79,0
DA:80,0
DA:81,0
DA:82,0
DA:83,0
DA:84,0
DA:85,0
DA:86,0
DA:87,0
DA:88,0
DA:89,0
DA:90,0
DA:91,0
DA:92,0
DA:93,0
DA:96,0
DA:97,0
DA:100,0
DA:101,0
DA:103,0
DA:108,0
DA:109,0
DA:110,0
DA:111,0
DA:113,0
DA:115,0
DA:116,0
DA:117,0
DA:120,0
DA:121,0
DA:122,0
DA:125,0
DA:126,0
DA:127,0
DA:130,0
DA:131,0
DA:132,0
DA:135,0
DA:138,0
DA:143,1
LF:78
LH:15
BRDA:19,0,0,0
BRDA:19,0,1,1
BRDA:26,1,0,2
BRDA:26,1,1,1
BRDA:40,2,0,4
BRDA:40,2,1,0
BRDA:44,3,0,0
BRDA:44,3,1,0
BRDA:54,4,0,0
BRDA:54,4,1,0
BRDA:113,5,0,0
BRDA:113,5,1,0
BRDA:113,5,2,0
BRDA:113,5,3,0
BRDA:113,5,4,0
BRF:15
BRH:4
end_of_record
